versions pytest-6.2.4, py-1.10.0, python-3.6.9.final.0
cwd=/home/mmt9254/Desktop/mmt/projects/htc/mydevsearch
args=('--debug',)

  pytest_cmdline_main [hook]
      config: <_pytest.config.Config object at 0x7f3efae50b38>
    pytest_plugin_registered [hook]
        plugin: <Session mydevsearch exitstatus='<UNSET>' testsfailed=0 testscollected=0>
        manager: <_pytest.config.PytestPluginManager object at 0x7f3efd677358>
    finish pytest_plugin_registered --> [] [hook]
    pytest_configure [hook]
        config: <_pytest.config.Config object at 0x7f3efae50b38>
      pytest_plugin_registered [hook]
          plugin: <_pytest.cacheprovider.LFPlugin object at 0x7f3efadc28d0>
          manager: <_pytest.config.PytestPluginManager object at 0x7f3efd677358>
      finish pytest_plugin_registered --> [] [hook]
      pytest_plugin_registered [hook]
          plugin: <_pytest.cacheprovider.NFPlugin object at 0x7f3efad93f98>
          manager: <_pytest.config.PytestPluginManager object at 0x7f3efd677358>
      finish pytest_plugin_registered --> [] [hook]
    early skip of rewriting module: faulthandler [assertion]
      pytest_configure [hook]
          config: <_pytest.config.Config object at 0x7f3efae50b38>
      finish pytest_configure --> [] [hook]
      pytest_plugin_registered [hook]
          plugin: <_pytest.faulthandler.FaultHandlerHooks object at 0x7f3efada41d0>
          manager: <_pytest.config.PytestPluginManager object at 0x7f3efd677358>
      finish pytest_plugin_registered --> [] [hook]
    early skip of rewriting module: pdb [assertion]
    early skip of rewriting module: cmd [assertion]
    early skip of rewriting module: code [assertion]
    early skip of rewriting module: codeop [assertion]
      pytest_plugin_registered [hook]
          plugin: <_pytest.config.PytestPluginManager object at 0x7f3efd677358>
          manager: <_pytest.config.PytestPluginManager object at 0x7f3efd677358>
      finish pytest_plugin_registered --> [] [hook]
      pytest_plugin_registered [hook]
          plugin: <_pytest.config.Config object at 0x7f3efae50b38>
          manager: <_pytest.config.PytestPluginManager object at 0x7f3efd677358>
      finish pytest_plugin_registered --> [] [hook]
      pytest_plugin_registered [hook]
          plugin: <module '_pytest.mark' from '/home/mmt9254/.local/lib/python3.6/site-packages/_pytest/mark/__init__.py'>
          manager: <_pytest.config.PytestPluginManager object at 0x7f3efd677358>
      finish pytest_plugin_registered --> [] [hook]
      pytest_plugin_registered [hook]
          plugin: <module '_pytest.main' from '/home/mmt9254/.local/lib/python3.6/site-packages/_pytest/main.py'>
          manager: <_pytest.config.PytestPluginManager object at 0x7f3efd677358>
      finish pytest_plugin_registered --> [] [hook]
      pytest_plugin_registered [hook]
          plugin: <module '_pytest.runner' from '/home/mmt9254/.local/lib/python3.6/site-packages/_pytest/runner.py'>
          manager: <_pytest.config.PytestPluginManager object at 0x7f3efd677358>
      finish pytest_plugin_registered --> [] [hook]
      pytest_plugin_registered [hook]
          plugin: <module '_pytest.fixtures' from '/home/mmt9254/.local/lib/python3.6/site-packages/_pytest/fixtures.py'>
          manager: <_pytest.config.PytestPluginManager object at 0x7f3efd677358>
      finish pytest_plugin_registered --> [] [hook]
      pytest_plugin_registered [hook]
          plugin: <module '_pytest.helpconfig' from '/home/mmt9254/.local/lib/python3.6/site-packages/_pytest/helpconfig.py'>
          manager: <_pytest.config.PytestPluginManager object at 0x7f3efd677358>
      finish pytest_plugin_registered --> [] [hook]
      pytest_plugin_registered [hook]
          plugin: <module '_pytest.python' from '/home/mmt9254/.local/lib/python3.6/site-packages/_pytest/python.py'>
          manager: <_pytest.config.PytestPluginManager object at 0x7f3efd677358>
      finish pytest_plugin_registered --> [] [hook]
      pytest_plugin_registered [hook]
          plugin: <module '_pytest.terminal' from '/home/mmt9254/.local/lib/python3.6/site-packages/_pytest/terminal.py'>
          manager: <_pytest.config.PytestPluginManager object at 0x7f3efd677358>
      finish pytest_plugin_registered --> [] [hook]
      pytest_plugin_registered [hook]
          plugin: <module '_pytest.debugging' from '/home/mmt9254/.local/lib/python3.6/site-packages/_pytest/debugging.py'>
          manager: <_pytest.config.PytestPluginManager object at 0x7f3efd677358>
      finish pytest_plugin_registered --> [] [hook]
      pytest_plugin_registered [hook]
          plugin: <module '_pytest.unittest' from '/home/mmt9254/.local/lib/python3.6/site-packages/_pytest/unittest.py'>
          manager: <_pytest.config.PytestPluginManager object at 0x7f3efd677358>
      finish pytest_plugin_registered --> [] [hook]
      pytest_plugin_registered [hook]
          plugin: <module '_pytest.capture' from '/home/mmt9254/.local/lib/python3.6/site-packages/_pytest/capture.py'>
          manager: <_pytest.config.PytestPluginManager object at 0x7f3efd677358>
      finish pytest_plugin_registered --> [] [hook]
      pytest_plugin_registered [hook]
          plugin: <module '_pytest.skipping' from '/home/mmt9254/.local/lib/python3.6/site-packages/_pytest/skipping.py'>
          manager: <_pytest.config.PytestPluginManager object at 0x7f3efd677358>
      finish pytest_plugin_registered --> [] [hook]
      pytest_plugin_registered [hook]
          plugin: <module '_pytest.tmpdir' from '/home/mmt9254/.local/lib/python3.6/site-packages/_pytest/tmpdir.py'>
          manager: <_pytest.config.PytestPluginManager object at 0x7f3efd677358>
      finish pytest_plugin_registered --> [] [hook]
      pytest_plugin_registered [hook]
          plugin: <module '_pytest.monkeypatch' from '/home/mmt9254/.local/lib/python3.6/site-packages/_pytest/monkeypatch.py'>
          manager: <_pytest.config.PytestPluginManager object at 0x7f3efd677358>
      finish pytest_plugin_registered --> [] [hook]
      pytest_plugin_registered [hook]
          plugin: <module '_pytest.recwarn' from '/home/mmt9254/.local/lib/python3.6/site-packages/_pytest/recwarn.py'>
          manager: <_pytest.config.PytestPluginManager object at 0x7f3efd677358>
      finish pytest_plugin_registered --> [] [hook]
      pytest_plugin_registered [hook]
          plugin: <module '_pytest.pastebin' from '/home/mmt9254/.local/lib/python3.6/site-packages/_pytest/pastebin.py'>
          manager: <_pytest.config.PytestPluginManager object at 0x7f3efd677358>
      finish pytest_plugin_registered --> [] [hook]
      pytest_plugin_registered [hook]
          plugin: <module '_pytest.nose' from '/home/mmt9254/.local/lib/python3.6/site-packages/_pytest/nose.py'>
          manager: <_pytest.config.PytestPluginManager object at 0x7f3efd677358>
      finish pytest_plugin_registered --> [] [hook]
      pytest_plugin_registered [hook]
          plugin: <module '_pytest.assertion' from '/home/mmt9254/.local/lib/python3.6/site-packages/_pytest/assertion/__init__.py'>
          manager: <_pytest.config.PytestPluginManager object at 0x7f3efd677358>
      finish pytest_plugin_registered --> [] [hook]
      pytest_plugin_registered [hook]
          plugin: <module '_pytest.junitxml' from '/home/mmt9254/.local/lib/python3.6/site-packages/_pytest/junitxml.py'>
          manager: <_pytest.config.PytestPluginManager object at 0x7f3efd677358>
      finish pytest_plugin_registered --> [] [hook]
      pytest_plugin_registered [hook]
          plugin: <module '_pytest.doctest' from '/home/mmt9254/.local/lib/python3.6/site-packages/_pytest/doctest.py'>
          manager: <_pytest.config.PytestPluginManager object at 0x7f3efd677358>
      finish pytest_plugin_registered --> [] [hook]
      pytest_plugin_registered [hook]
          plugin: <module '_pytest.cacheprovider' from '/home/mmt9254/.local/lib/python3.6/site-packages/_pytest/cacheprovider.py'>
          manager: <_pytest.config.PytestPluginManager object at 0x7f3efd677358>
      finish pytest_plugin_registered --> [] [hook]
      pytest_plugin_registered [hook]
          plugin: <module '_pytest.freeze_support' from '/home/mmt9254/.local/lib/python3.6/site-packages/_pytest/freeze_support.py'>
          manager: <_pytest.config.PytestPluginManager object at 0x7f3efd677358>
      finish pytest_plugin_registered --> [] [hook]
      pytest_plugin_registered [hook]
          plugin: <module '_pytest.setuponly' from '/home/mmt9254/.local/lib/python3.6/site-packages/_pytest/setuponly.py'>
          manager: <_pytest.config.PytestPluginManager object at 0x7f3efd677358>
      finish pytest_plugin_registered --> [] [hook]
      pytest_plugin_registered [hook]
          plugin: <module '_pytest.setupplan' from '/home/mmt9254/.local/lib/python3.6/site-packages/_pytest/setupplan.py'>
          manager: <_pytest.config.PytestPluginManager object at 0x7f3efd677358>
      finish pytest_plugin_registered --> [] [hook]
      pytest_plugin_registered [hook]
          plugin: <module '_pytest.stepwise' from '/home/mmt9254/.local/lib/python3.6/site-packages/_pytest/stepwise.py'>
          manager: <_pytest.config.PytestPluginManager object at 0x7f3efd677358>
      finish pytest_plugin_registered --> [] [hook]
      pytest_plugin_registered [hook]
          plugin: <module '_pytest.warnings' from '/home/mmt9254/.local/lib/python3.6/site-packages/_pytest/warnings.py'>
          manager: <_pytest.config.PytestPluginManager object at 0x7f3efd677358>
      finish pytest_plugin_registered --> [] [hook]
      pytest_plugin_registered [hook]
          plugin: <module '_pytest.logging' from '/home/mmt9254/.local/lib/python3.6/site-packages/_pytest/logging.py'>
          manager: <_pytest.config.PytestPluginManager object at 0x7f3efd677358>
      finish pytest_plugin_registered --> [] [hook]
      pytest_plugin_registered [hook]
          plugin: <module '_pytest.reports' from '/home/mmt9254/.local/lib/python3.6/site-packages/_pytest/reports.py'>
          manager: <_pytest.config.PytestPluginManager object at 0x7f3efd677358>
      finish pytest_plugin_registered --> [] [hook]
      pytest_plugin_registered [hook]
          plugin: <module '_pytest.faulthandler' from '/home/mmt9254/.local/lib/python3.6/site-packages/_pytest/faulthandler.py'>
          manager: <_pytest.config.PytestPluginManager object at 0x7f3efd677358>
      finish pytest_plugin_registered --> [] [hook]
      pytest_plugin_registered [hook]
          plugin: <CaptureManager _method='fd' _global_capturing=<MultiCapture out=<FDCapture 1 oldfd=5 _state='suspended' tmpfile=<_io.TextIOWrapper name="<_io.FileIO name=6 mode='rb+' closefd=True>" mode='r+' encoding='utf-8'>> err=<FDCapture 2 oldfd=7 _state='suspended' tmpfile=<_io.TextIOWrapper name="<_io.FileIO name=8 mode='rb+' closefd=True>" mode='r+' encoding='utf-8'>> in_=<FDCapture 0 oldfd=3 _state='started' tmpfile=<_io.TextIOWrapper name='/dev/null' mode='r' encoding='UTF-8'>> _state='suspended' _in_suspended=False> _capture_fixture=None>
          manager: <_pytest.config.PytestPluginManager object at 0x7f3efd677358>
      finish pytest_plugin_registered --> [] [hook]
      pytest_plugin_registered [hook]
          plugin: <Session mydevsearch exitstatus=<ExitCode.OK: 0> testsfailed=0 testscollected=0>
          manager: <_pytest.config.PytestPluginManager object at 0x7f3efd677358>
      finish pytest_plugin_registered --> [] [hook]
      pytest_plugin_registered [hook]
          plugin: <_pytest.cacheprovider.LFPlugin object at 0x7f3efadc28d0>
          manager: <_pytest.config.PytestPluginManager object at 0x7f3efd677358>
      finish pytest_plugin_registered --> [] [hook]
      pytest_plugin_registered [hook]
          plugin: <_pytest.cacheprovider.NFPlugin object at 0x7f3efad93f98>
          manager: <_pytest.config.PytestPluginManager object at 0x7f3efd677358>
      finish pytest_plugin_registered --> [] [hook]
      pytest_plugin_registered [hook]
          plugin: <_pytest.faulthandler.FaultHandlerHooks object at 0x7f3efada41d0>
          manager: <_pytest.config.PytestPluginManager object at 0x7f3efd677358>
      finish pytest_plugin_registered --> [] [hook]
      pytest_plugin_registered [hook]
          plugin: <_pytest.terminal.TerminalReporter object at 0x7f3efadc2e80>
          manager: <_pytest.config.PytestPluginManager object at 0x7f3efd677358>
      finish pytest_plugin_registered --> [] [hook]
      pytest_plugin_registered [hook]
          plugin: <_pytest.logging.LoggingPlugin object at 0x7f3efad7b358>
          manager: <_pytest.config.PytestPluginManager object at 0x7f3efd677358>
      finish pytest_plugin_registered --> [] [hook]
    finish pytest_configure --> [] [hook]
    pytest_sessionstart [hook]
        session: <Session mydevsearch exitstatus=<ExitCode.OK: 0> testsfailed=0 testscollected=0>
      pytest_plugin_registered [hook]
          plugin: <_pytest.config.PytestPluginManager object at 0x7f3efd677358>
          manager: <_pytest.config.PytestPluginManager object at 0x7f3efd677358>
      finish pytest_plugin_registered --> [] [hook]
      pytest_plugin_registered [hook]
          plugin: <_pytest.config.Config object at 0x7f3efae50b38>
          manager: <_pytest.config.PytestPluginManager object at 0x7f3efd677358>
      finish pytest_plugin_registered --> [] [hook]
      pytest_plugin_registered [hook]
          plugin: <module '_pytest.mark' from '/home/mmt9254/.local/lib/python3.6/site-packages/_pytest/mark/__init__.py'>
          manager: <_pytest.config.PytestPluginManager object at 0x7f3efd677358>
      finish pytest_plugin_registered --> [] [hook]
      pytest_plugin_registered [hook]
          plugin: <module '_pytest.main' from '/home/mmt9254/.local/lib/python3.6/site-packages/_pytest/main.py'>
          manager: <_pytest.config.PytestPluginManager object at 0x7f3efd677358>
      finish pytest_plugin_registered --> [] [hook]
      pytest_plugin_registered [hook]
          plugin: <module '_pytest.runner' from '/home/mmt9254/.local/lib/python3.6/site-packages/_pytest/runner.py'>
          manager: <_pytest.config.PytestPluginManager object at 0x7f3efd677358>
      finish pytest_plugin_registered --> [] [hook]
      pytest_plugin_registered [hook]
          plugin: <module '_pytest.fixtures' from '/home/mmt9254/.local/lib/python3.6/site-packages/_pytest/fixtures.py'>
          manager: <_pytest.config.PytestPluginManager object at 0x7f3efd677358>
      finish pytest_plugin_registered --> [] [hook]
      pytest_plugin_registered [hook]
          plugin: <module '_pytest.helpconfig' from '/home/mmt9254/.local/lib/python3.6/site-packages/_pytest/helpconfig.py'>
          manager: <_pytest.config.PytestPluginManager object at 0x7f3efd677358>
      finish pytest_plugin_registered --> [] [hook]
      pytest_plugin_registered [hook]
          plugin: <module '_pytest.python' from '/home/mmt9254/.local/lib/python3.6/site-packages/_pytest/python.py'>
          manager: <_pytest.config.PytestPluginManager object at 0x7f3efd677358>
      finish pytest_plugin_registered --> [] [hook]
      pytest_plugin_registered [hook]
          plugin: <module '_pytest.terminal' from '/home/mmt9254/.local/lib/python3.6/site-packages/_pytest/terminal.py'>
          manager: <_pytest.config.PytestPluginManager object at 0x7f3efd677358>
      finish pytest_plugin_registered --> [] [hook]
      pytest_plugin_registered [hook]
          plugin: <module '_pytest.debugging' from '/home/mmt9254/.local/lib/python3.6/site-packages/_pytest/debugging.py'>
          manager: <_pytest.config.PytestPluginManager object at 0x7f3efd677358>
      finish pytest_plugin_registered --> [] [hook]
      pytest_plugin_registered [hook]
          plugin: <module '_pytest.unittest' from '/home/mmt9254/.local/lib/python3.6/site-packages/_pytest/unittest.py'>
          manager: <_pytest.config.PytestPluginManager object at 0x7f3efd677358>
      finish pytest_plugin_registered --> [] [hook]
      pytest_plugin_registered [hook]
          plugin: <module '_pytest.capture' from '/home/mmt9254/.local/lib/python3.6/site-packages/_pytest/capture.py'>
          manager: <_pytest.config.PytestPluginManager object at 0x7f3efd677358>
      finish pytest_plugin_registered --> [] [hook]
      pytest_plugin_registered [hook]
          plugin: <module '_pytest.skipping' from '/home/mmt9254/.local/lib/python3.6/site-packages/_pytest/skipping.py'>
          manager: <_pytest.config.PytestPluginManager object at 0x7f3efd677358>
      finish pytest_plugin_registered --> [] [hook]
      pytest_plugin_registered [hook]
          plugin: <module '_pytest.tmpdir' from '/home/mmt9254/.local/lib/python3.6/site-packages/_pytest/tmpdir.py'>
          manager: <_pytest.config.PytestPluginManager object at 0x7f3efd677358>
      finish pytest_plugin_registered --> [] [hook]
      pytest_plugin_registered [hook]
          plugin: <module '_pytest.monkeypatch' from '/home/mmt9254/.local/lib/python3.6/site-packages/_pytest/monkeypatch.py'>
          manager: <_pytest.config.PytestPluginManager object at 0x7f3efd677358>
      finish pytest_plugin_registered --> [] [hook]
      pytest_plugin_registered [hook]
          plugin: <module '_pytest.recwarn' from '/home/mmt9254/.local/lib/python3.6/site-packages/_pytest/recwarn.py'>
          manager: <_pytest.config.PytestPluginManager object at 0x7f3efd677358>
      finish pytest_plugin_registered --> [] [hook]
      pytest_plugin_registered [hook]
          plugin: <module '_pytest.pastebin' from '/home/mmt9254/.local/lib/python3.6/site-packages/_pytest/pastebin.py'>
          manager: <_pytest.config.PytestPluginManager object at 0x7f3efd677358>
      finish pytest_plugin_registered --> [] [hook]
      pytest_plugin_registered [hook]
          plugin: <module '_pytest.nose' from '/home/mmt9254/.local/lib/python3.6/site-packages/_pytest/nose.py'>
          manager: <_pytest.config.PytestPluginManager object at 0x7f3efd677358>
      finish pytest_plugin_registered --> [] [hook]
      pytest_plugin_registered [hook]
          plugin: <module '_pytest.assertion' from '/home/mmt9254/.local/lib/python3.6/site-packages/_pytest/assertion/__init__.py'>
          manager: <_pytest.config.PytestPluginManager object at 0x7f3efd677358>
      finish pytest_plugin_registered --> [] [hook]
      pytest_plugin_registered [hook]
          plugin: <module '_pytest.junitxml' from '/home/mmt9254/.local/lib/python3.6/site-packages/_pytest/junitxml.py'>
          manager: <_pytest.config.PytestPluginManager object at 0x7f3efd677358>
      finish pytest_plugin_registered --> [] [hook]
      pytest_plugin_registered [hook]
          plugin: <module '_pytest.doctest' from '/home/mmt9254/.local/lib/python3.6/site-packages/_pytest/doctest.py'>
          manager: <_pytest.config.PytestPluginManager object at 0x7f3efd677358>
      finish pytest_plugin_registered --> [] [hook]
      pytest_plugin_registered [hook]
          plugin: <module '_pytest.cacheprovider' from '/home/mmt9254/.local/lib/python3.6/site-packages/_pytest/cacheprovider.py'>
          manager: <_pytest.config.PytestPluginManager object at 0x7f3efd677358>
      finish pytest_plugin_registered --> [] [hook]
      pytest_plugin_registered [hook]
          plugin: <module '_pytest.freeze_support' from '/home/mmt9254/.local/lib/python3.6/site-packages/_pytest/freeze_support.py'>
          manager: <_pytest.config.PytestPluginManager object at 0x7f3efd677358>
      finish pytest_plugin_registered --> [] [hook]
      pytest_plugin_registered [hook]
          plugin: <module '_pytest.setuponly' from '/home/mmt9254/.local/lib/python3.6/site-packages/_pytest/setuponly.py'>
          manager: <_pytest.config.PytestPluginManager object at 0x7f3efd677358>
      finish pytest_plugin_registered --> [] [hook]
      pytest_plugin_registered [hook]
          plugin: <module '_pytest.setupplan' from '/home/mmt9254/.local/lib/python3.6/site-packages/_pytest/setupplan.py'>
          manager: <_pytest.config.PytestPluginManager object at 0x7f3efd677358>
      finish pytest_plugin_registered --> [] [hook]
      pytest_plugin_registered [hook]
          plugin: <module '_pytest.stepwise' from '/home/mmt9254/.local/lib/python3.6/site-packages/_pytest/stepwise.py'>
          manager: <_pytest.config.PytestPluginManager object at 0x7f3efd677358>
      finish pytest_plugin_registered --> [] [hook]
      pytest_plugin_registered [hook]
          plugin: <module '_pytest.warnings' from '/home/mmt9254/.local/lib/python3.6/site-packages/_pytest/warnings.py'>
          manager: <_pytest.config.PytestPluginManager object at 0x7f3efd677358>
      finish pytest_plugin_registered --> [] [hook]
      pytest_plugin_registered [hook]
          plugin: <module '_pytest.logging' from '/home/mmt9254/.local/lib/python3.6/site-packages/_pytest/logging.py'>
          manager: <_pytest.config.PytestPluginManager object at 0x7f3efd677358>
      finish pytest_plugin_registered --> [] [hook]
      pytest_plugin_registered [hook]
          plugin: <module '_pytest.reports' from '/home/mmt9254/.local/lib/python3.6/site-packages/_pytest/reports.py'>
          manager: <_pytest.config.PytestPluginManager object at 0x7f3efd677358>
      finish pytest_plugin_registered --> [] [hook]
      pytest_plugin_registered [hook]
          plugin: <module '_pytest.faulthandler' from '/home/mmt9254/.local/lib/python3.6/site-packages/_pytest/faulthandler.py'>
          manager: <_pytest.config.PytestPluginManager object at 0x7f3efd677358>
      finish pytest_plugin_registered --> [] [hook]
      pytest_plugin_registered [hook]
          plugin: <CaptureManager _method='fd' _global_capturing=<MultiCapture out=<FDCapture 1 oldfd=5 _state='suspended' tmpfile=<_io.TextIOWrapper name="<_io.FileIO name=6 mode='rb+' closefd=True>" mode='r+' encoding='utf-8'>> err=<FDCapture 2 oldfd=7 _state='suspended' tmpfile=<_io.TextIOWrapper name="<_io.FileIO name=8 mode='rb+' closefd=True>" mode='r+' encoding='utf-8'>> in_=<FDCapture 0 oldfd=3 _state='started' tmpfile=<_io.TextIOWrapper name='/dev/null' mode='r' encoding='UTF-8'>> _state='suspended' _in_suspended=False> _capture_fixture=None>
          manager: <_pytest.config.PytestPluginManager object at 0x7f3efd677358>
      finish pytest_plugin_registered --> [] [hook]
      pytest_plugin_registered [hook]
          plugin: <Session mydevsearch exitstatus=<ExitCode.OK: 0> testsfailed=0 testscollected=0>
          manager: <_pytest.config.PytestPluginManager object at 0x7f3efd677358>
      finish pytest_plugin_registered --> [] [hook]
      pytest_plugin_registered [hook]
          plugin: <_pytest.cacheprovider.LFPlugin object at 0x7f3efadc28d0>
          manager: <_pytest.config.PytestPluginManager object at 0x7f3efd677358>
      finish pytest_plugin_registered --> [] [hook]
      pytest_plugin_registered [hook]
          plugin: <_pytest.cacheprovider.NFPlugin object at 0x7f3efad93f98>
          manager: <_pytest.config.PytestPluginManager object at 0x7f3efd677358>
      finish pytest_plugin_registered --> [] [hook]
      pytest_plugin_registered [hook]
          plugin: <_pytest.faulthandler.FaultHandlerHooks object at 0x7f3efada41d0>
          manager: <_pytest.config.PytestPluginManager object at 0x7f3efd677358>
      finish pytest_plugin_registered --> [] [hook]
      pytest_plugin_registered [hook]
          plugin: <_pytest.terminal.TerminalReporter object at 0x7f3efadc2e80>
          manager: <_pytest.config.PytestPluginManager object at 0x7f3efd677358>
      finish pytest_plugin_registered --> [] [hook]
      pytest_plugin_registered [hook]
          plugin: <_pytest.logging.LoggingPlugin object at 0x7f3efad7b358>
          manager: <_pytest.config.PytestPluginManager object at 0x7f3efd677358>
      finish pytest_plugin_registered --> [] [hook]
      pytest_plugin_registered [hook]
          plugin: <_pytest.fixtures.FixtureManager object at 0x7f3efadc27f0>
          manager: <_pytest.config.PytestPluginManager object at 0x7f3efd677358>
      finish pytest_plugin_registered --> [] [hook]
      pytest_report_header [hook]
          config: <_pytest.config.Config object at 0x7f3efae50b38>
          startdir: /home/mmt9254/Desktop/mmt/projects/htc/mydevsearch
      finish pytest_report_header --> [['rootdir: /home/mmt9254/Desktop/mmt/projects/htc/mydevsearch'], ['using: pytest-6.2.4 pylib-1.10.0']] [hook]
    finish pytest_sessionstart --> [] [hook]
    pytest_collection [hook]
        session: <Session mydevsearch exitstatus=<ExitCode.OK: 0> testsfailed=0 testscollected=0>
    perform_collect <Session mydevsearch exitstatus=<ExitCode.OK: 0> testsfailed=0 testscollected=0> ['/home/mmt9254/Desktop/mmt/projects/htc/mydevsearch'] [collection]
        pytest_collectstart [hook]
            collector: <Session mydevsearch exitstatus=<ExitCode.OK: 0> testsfailed=0 testscollected=0>
        finish pytest_collectstart --> [] [hook]
        pytest_make_collect_report [hook]
            collector: <Session mydevsearch exitstatus=<ExitCode.OK: 0> testsfailed=0 testscollected=0>
        processing argument (local('/home/mmt9254/Desktop/mmt/projects/htc/mydevsearch'), []) [collection]
            pytest_ignore_collect [hook]
                path: /home/mmt9254/Desktop/mmt/projects/htc/mydevsearch/db.sqlite3
                config: <_pytest.config.Config object at 0x7f3efae50b38>
            finish pytest_ignore_collect --> None [hook]
            pytest_collect_file [hook]
                path: /home/mmt9254/Desktop/mmt/projects/htc/mydevsearch/db.sqlite3
                parent: <Session mydevsearch exitstatus=<ExitCode.OK: 0> testsfailed=0 testscollected=0>
            early skip of rewriting module: py._code [assertion]
            early skip of rewriting module: py._code.code [assertion]
            early skip of rewriting module: repr [assertion]
            finish pytest_collect_file --> [] [hook]
            pytest_ignore_collect [hook]
                path: /home/mmt9254/Desktop/mmt/projects/htc/mydevsearch/manage.py
                config: <_pytest.config.Config object at 0x7f3efae50b38>
            finish pytest_ignore_collect --> None [hook]
            pytest_collect_file [hook]
                path: /home/mmt9254/Desktop/mmt/projects/htc/mydevsearch/manage.py
                parent: <Session mydevsearch exitstatus=<ExitCode.OK: 0> testsfailed=0 testscollected=0>
            finish pytest_collect_file --> [] [hook]
            pytest_ignore_collect [hook]
                path: /home/mmt9254/Desktop/mmt/projects/htc/mydevsearch/pytestdebug.log
                config: <_pytest.config.Config object at 0x7f3efae50b38>
            finish pytest_ignore_collect --> None [hook]
            pytest_collect_file [hook]
                path: /home/mmt9254/Desktop/mmt/projects/htc/mydevsearch/pytestdebug.log
                parent: <Session mydevsearch exitstatus=<ExitCode.OK: 0> testsfailed=0 testscollected=0>
            finish pytest_collect_file --> [] [hook]
            pytest_ignore_collect [hook]
                path: /home/mmt9254/Desktop/mmt/projects/htc/mydevsearch/test_check.py
                config: <_pytest.config.Config object at 0x7f3efae50b38>
            finish pytest_ignore_collect --> None [hook]
            pytest_collect_file [hook]
                path: /home/mmt9254/Desktop/mmt/projects/htc/mydevsearch/test_check.py
                parent: <Session mydevsearch exitstatus=<ExitCode.OK: 0> testsfailed=0 testscollected=0>
              pytest_pycollect_makemodule [hook]
                  path: /home/mmt9254/Desktop/mmt/projects/htc/mydevsearch/test_check.py
                  parent: <Session mydevsearch exitstatus=<ExitCode.OK: 0> testsfailed=0 testscollected=0>
              finish pytest_pycollect_makemodule --> <Module test_check.py> [hook]
            finish pytest_collect_file --> [<Module test_check.py>] [hook]
            pytest_ignore_collect [hook]
                path: /home/mmt9254/Desktop/mmt/projects/htc/mydevsearch/.idea
                config: <_pytest.config.Config object at 0x7f3efae50b38>
            finish pytest_ignore_collect --> None [hook]
            pytest_ignore_collect [hook]
                path: /home/mmt9254/Desktop/mmt/projects/htc/mydevsearch/.pytest_cache
                config: <_pytest.config.Config object at 0x7f3efae50b38>
            finish pytest_ignore_collect --> None [hook]
            pytest_ignore_collect [hook]
                path: /home/mmt9254/Desktop/mmt/projects/htc/mydevsearch/mydevsearch
                config: <_pytest.config.Config object at 0x7f3efae50b38>
            finish pytest_ignore_collect --> None [hook]
            pytest_ignore_collect [hook]
                path: /home/mmt9254/Desktop/mmt/projects/htc/mydevsearch/mydevsearch/__init__.py
                config: <_pytest.config.Config object at 0x7f3efae50b38>
            finish pytest_ignore_collect --> None [hook]
            pytest_collect_file [hook]
                path: /home/mmt9254/Desktop/mmt/projects/htc/mydevsearch/mydevsearch/__init__.py
                parent: <Session mydevsearch exitstatus=<ExitCode.OK: 0> testsfailed=0 testscollected=0>
              pytest_pycollect_makemodule [hook]
                  path: /home/mmt9254/Desktop/mmt/projects/htc/mydevsearch/mydevsearch/__init__.py
                  parent: <Session mydevsearch exitstatus=<ExitCode.OK: 0> testsfailed=0 testscollected=0>
              finish pytest_pycollect_makemodule --> <Package mydevsearch> [hook]
            finish pytest_collect_file --> [<Package mydevsearch>] [hook]
            pytest_ignore_collect [hook]
                path: /home/mmt9254/Desktop/mmt/projects/htc/mydevsearch/projects
                config: <_pytest.config.Config object at 0x7f3efae50b38>
            finish pytest_ignore_collect --> None [hook]
            pytest_ignore_collect [hook]
                path: /home/mmt9254/Desktop/mmt/projects/htc/mydevsearch/projects/__init__.py
                config: <_pytest.config.Config object at 0x7f3efae50b38>
            finish pytest_ignore_collect --> None [hook]
            pytest_collect_file [hook]
                path: /home/mmt9254/Desktop/mmt/projects/htc/mydevsearch/projects/__init__.py
                parent: <Session mydevsearch exitstatus=<ExitCode.OK: 0> testsfailed=0 testscollected=0>
              pytest_pycollect_makemodule [hook]
                  path: /home/mmt9254/Desktop/mmt/projects/htc/mydevsearch/projects/__init__.py
                  parent: <Session mydevsearch exitstatus=<ExitCode.OK: 0> testsfailed=0 testscollected=0>
              finish pytest_pycollect_makemodule --> <Package projects> [hook]
            finish pytest_collect_file --> [<Package projects>] [hook]
            pytest_ignore_collect [hook]
                path: /home/mmt9254/Desktop/mmt/projects/htc/mydevsearch/projects/migrations
                config: <_pytest.config.Config object at 0x7f3efae50b38>
            finish pytest_ignore_collect --> None [hook]
            pytest_ignore_collect [hook]
                path: /home/mmt9254/Desktop/mmt/projects/htc/mydevsearch/projects/migrations/__init__.py
                config: <_pytest.config.Config object at 0x7f3efae50b38>
            finish pytest_ignore_collect --> None [hook]
            pytest_collect_file [hook]
                path: /home/mmt9254/Desktop/mmt/projects/htc/mydevsearch/projects/migrations/__init__.py
                parent: <Session mydevsearch exitstatus=<ExitCode.OK: 0> testsfailed=0 testscollected=0>
              pytest_pycollect_makemodule [hook]
                  path: /home/mmt9254/Desktop/mmt/projects/htc/mydevsearch/projects/migrations/__init__.py
                  parent: <Session mydevsearch exitstatus=<ExitCode.OK: 0> testsfailed=0 testscollected=0>
              finish pytest_pycollect_makemodule --> <Package migrations> [hook]
            finish pytest_collect_file --> [<Package migrations>] [hook]
            pytest_ignore_collect [hook]
                path: /home/mmt9254/Desktop/mmt/projects/htc/mydevsearch/venv
                config: <_pytest.config.Config object at 0x7f3efae50b38>
            finish pytest_ignore_collect --> True [hook]
        finish pytest_make_collect_report --> <CollectReport '' lenresult=4 outcome='passed'> [hook]
        pytest_collectreport [hook]
            report: <CollectReport '' lenresult=4 outcome='passed'>
        finish pytest_collectreport --> [] [hook]
    genitems <Module test_check.py> [collection]
      pytest_collectstart [hook]
          collector: <Module test_check.py>
      finish pytest_collectstart --> [] [hook]
      pytest_make_collect_report [hook]
          collector: <Module test_check.py>
      find_module called for: test_check [assertion]
      matched test file '/home/mmt9254/Desktop/mmt/projects/htc/mydevsearch/test_check.py' [assertion]
      found cached rewritten pyc for /home/mmt9254/Desktop/mmt/projects/htc/mydevsearch/test_check.py [assertion]
        pytest_pycollect_makeitem [hook]
            collector: <Module test_check.py>
            name: @py_builtins
            obj: <module 'builtins' (built-in)>
        finish pytest_pycollect_makeitem --> None [hook]
        pytest_pycollect_makeitem [hook]
            collector: <Module test_check.py>
            name: @pytest_ar
            obj: <module '_pytest.assertion.rewrite' from '/home/mmt9254/.local/lib/python3.6/site-packages/_pytest/assertion/rewrite.py'>
        finish pytest_pycollect_makeitem --> None [hook]
        pytest_pycollect_makeitem [hook]
            collector: <Module test_check.py>
            name: test_always_pass
            obj: <function test_always_pass at 0x7f3efad279d8>
          pytest_generate_tests [hook]
              metafunc: <_pytest.python.Metafunc object at 0x7f3efd5f6a90>
          finish pytest_generate_tests --> [] [hook]
        finish pytest_pycollect_makeitem --> [<Function test_always_pass>] [hook]
        pytest_pycollect_makeitem [hook]
            collector: <Module test_check.py>
            name: test_always_fail
            obj: <function test_always_fail at 0x7f3efad27bf8>
          pytest_generate_tests [hook]
              metafunc: <_pytest.python.Metafunc object at 0x7f3efad22ac8>
          finish pytest_generate_tests --> [] [hook]
        finish pytest_pycollect_makeitem --> [<Function test_always_fail>] [hook]
      finish pytest_make_collect_report --> <CollectReport 'test_check.py' lenresult=2 outcome='passed'> [hook]
    genitems <Function test_always_pass> [collection]
      pytest_itemcollected [hook]
          item: <Function test_always_pass>
      finish pytest_itemcollected --> [] [hook]
    genitems <Function test_always_fail> [collection]
      pytest_itemcollected [hook]
          item: <Function test_always_fail>
      finish pytest_itemcollected --> [] [hook]
      pytest_collectreport [hook]
          report: <CollectReport 'test_check.py' lenresult=2 outcome='passed'>
      finish pytest_collectreport --> [] [hook]
    genitems <Package mydevsearch> [collection]
      pytest_collectstart [hook]
          collector: <Package mydevsearch>
      finish pytest_collectstart --> [] [hook]
      pytest_make_collect_report [hook]
          collector: <Package mydevsearch>
        pytest_ignore_collect [hook]
            path: /home/mmt9254/Desktop/mmt/projects/htc/mydevsearch/mydevsearch/asgi.py
            config: <_pytest.config.Config object at 0x7f3efae50b38>
        finish pytest_ignore_collect --> None [hook]
        pytest_collect_file [hook]
            path: /home/mmt9254/Desktop/mmt/projects/htc/mydevsearch/mydevsearch/asgi.py
            parent: <Package mydevsearch>
        finish pytest_collect_file --> [] [hook]
        pytest_ignore_collect [hook]
            path: /home/mmt9254/Desktop/mmt/projects/htc/mydevsearch/mydevsearch/settings.py
            config: <_pytest.config.Config object at 0x7f3efae50b38>
        finish pytest_ignore_collect --> None [hook]
        pytest_collect_file [hook]
            path: /home/mmt9254/Desktop/mmt/projects/htc/mydevsearch/mydevsearch/settings.py
            parent: <Package mydevsearch>
        finish pytest_collect_file --> [] [hook]
        pytest_ignore_collect [hook]
            path: /home/mmt9254/Desktop/mmt/projects/htc/mydevsearch/mydevsearch/urls.py
            config: <_pytest.config.Config object at 0x7f3efae50b38>
        finish pytest_ignore_collect --> None [hook]
        pytest_collect_file [hook]
            path: /home/mmt9254/Desktop/mmt/projects/htc/mydevsearch/mydevsearch/urls.py
            parent: <Package mydevsearch>
        finish pytest_collect_file --> [] [hook]
        pytest_ignore_collect [hook]
            path: /home/mmt9254/Desktop/mmt/projects/htc/mydevsearch/mydevsearch/wsgi.py
            config: <_pytest.config.Config object at 0x7f3efae50b38>
        finish pytest_ignore_collect --> None [hook]
        pytest_collect_file [hook]
            path: /home/mmt9254/Desktop/mmt/projects/htc/mydevsearch/mydevsearch/wsgi.py
            parent: <Package mydevsearch>
        finish pytest_collect_file --> [] [hook]
      finish pytest_make_collect_report --> <CollectReport 'mydevsearch/__init__.py' lenresult=0 outcome='passed'> [hook]
      pytest_collectreport [hook]
          report: <CollectReport 'mydevsearch/__init__.py' lenresult=0 outcome='passed'>
      finish pytest_collectreport --> [] [hook]
    genitems <Package projects> [collection]
      pytest_collectstart [hook]
          collector: <Package projects>
      finish pytest_collectstart --> [] [hook]
      pytest_make_collect_report [hook]
          collector: <Package projects>
        pytest_ignore_collect [hook]
            path: /home/mmt9254/Desktop/mmt/projects/htc/mydevsearch/projects/admin.py
            config: <_pytest.config.Config object at 0x7f3efae50b38>
        finish pytest_ignore_collect --> None [hook]
        pytest_collect_file [hook]
            path: /home/mmt9254/Desktop/mmt/projects/htc/mydevsearch/projects/admin.py
            parent: <Package projects>
        finish pytest_collect_file --> [] [hook]
        pytest_ignore_collect [hook]
            path: /home/mmt9254/Desktop/mmt/projects/htc/mydevsearch/projects/apps.py
            config: <_pytest.config.Config object at 0x7f3efae50b38>
        finish pytest_ignore_collect --> None [hook]
        pytest_collect_file [hook]
            path: /home/mmt9254/Desktop/mmt/projects/htc/mydevsearch/projects/apps.py
            parent: <Package projects>
        finish pytest_collect_file --> [] [hook]
        pytest_ignore_collect [hook]
            path: /home/mmt9254/Desktop/mmt/projects/htc/mydevsearch/projects/models.py
            config: <_pytest.config.Config object at 0x7f3efae50b38>
        finish pytest_ignore_collect --> None [hook]
        pytest_collect_file [hook]
            path: /home/mmt9254/Desktop/mmt/projects/htc/mydevsearch/projects/models.py
            parent: <Package projects>
        finish pytest_collect_file --> [] [hook]
        pytest_ignore_collect [hook]
            path: /home/mmt9254/Desktop/mmt/projects/htc/mydevsearch/projects/tests.py
            config: <_pytest.config.Config object at 0x7f3efae50b38>
        finish pytest_ignore_collect --> None [hook]
        pytest_collect_file [hook]
            path: /home/mmt9254/Desktop/mmt/projects/htc/mydevsearch/projects/tests.py
            parent: <Package projects>
        finish pytest_collect_file --> [] [hook]
        pytest_ignore_collect [hook]
            path: /home/mmt9254/Desktop/mmt/projects/htc/mydevsearch/projects/views.py
            config: <_pytest.config.Config object at 0x7f3efae50b38>
        finish pytest_ignore_collect --> None [hook]
        pytest_collect_file [hook]
            path: /home/mmt9254/Desktop/mmt/projects/htc/mydevsearch/projects/views.py
            parent: <Package projects>
        finish pytest_collect_file --> [] [hook]
        pytest_ignore_collect [hook]
            path: /home/mmt9254/Desktop/mmt/projects/htc/mydevsearch/projects/migrations
            config: <_pytest.config.Config object at 0x7f3efae50b38>
        finish pytest_ignore_collect --> None [hook]
        pytest_ignore_collect [hook]
            path: /home/mmt9254/Desktop/mmt/projects/htc/mydevsearch/projects/migrations/__init__.py
            config: <_pytest.config.Config object at 0x7f3efae50b38>
        finish pytest_ignore_collect --> None [hook]
      finish pytest_make_collect_report --> <CollectReport 'projects/__init__.py' lenresult=0 outcome='passed'> [hook]
      pytest_collectreport [hook]
          report: <CollectReport 'projects/__init__.py' lenresult=0 outcome='passed'>
      finish pytest_collectreport --> [] [hook]
    genitems <Package migrations> [collection]
      pytest_collectstart [hook]
          collector: <Package migrations>
      finish pytest_collectstart --> [] [hook]
      pytest_make_collect_report [hook]
          collector: <Package migrations>
      finish pytest_make_collect_report --> <CollectReport 'projects/migrations/__init__.py' lenresult=0 outcome='passed'> [hook]
      pytest_collectreport [hook]
          report: <CollectReport 'projects/migrations/__init__.py' lenresult=0 outcome='passed'>
      finish pytest_collectreport --> [] [hook]
      pytest_collection_modifyitems [hook]
          session: <Session mydevsearch exitstatus=<ExitCode.OK: 0> testsfailed=0 testscollected=0>
          config: <_pytest.config.Config object at 0x7f3efae50b38>
          items: [<Function test_always_pass>, <Function test_always_fail>]
      finish pytest_collection_modifyitems --> [] [hook]
      pytest_collection_finish [hook]
          session: <Session mydevsearch exitstatus=<ExitCode.OK: 0> testsfailed=0 testscollected=0>
        pytest_report_collectionfinish [hook]
            config: <_pytest.config.Config object at 0x7f3efae50b38>
            startdir: /home/mmt9254/Desktop/mmt/projects/htc/mydevsearch
            items: [<Function test_always_pass>, <Function test_always_fail>]
        finish pytest_report_collectionfinish --> [] [hook]
      finish pytest_collection_finish --> [] [hook]
    finish pytest_collection --> None [hook]
    pytest_runtestloop [hook]
        session: <Session mydevsearch exitstatus=<ExitCode.OK: 0> testsfailed=0 testscollected=2>
      pytest_runtest_protocol [hook]
          item: <Function test_always_pass>
          nextitem: <Function test_always_fail>
        pytest_runtest_logstart [hook]
            nodeid: test_check.py::test_always_pass
            location: ('test_check.py', 0, 'test_always_pass')
        finish pytest_runtest_logstart --> [] [hook]
        pytest_runtest_setup [hook]
            item: <Function test_always_pass>
        finish pytest_runtest_setup --> [] [hook]
        pytest_runtest_makereport [hook]
            item: <Function test_always_pass>
            call: <CallInfo when='setup' result: []>
        finish pytest_runtest_makereport --> <TestReport 'test_check.py::test_always_pass' when='setup' outcome='passed'> [hook]
        pytest_runtest_logreport [hook]
            report: <TestReport 'test_check.py::test_always_pass' when='setup' outcome='passed'>
          pytest_report_teststatus [hook]
              report: <TestReport 'test_check.py::test_always_pass' when='setup' outcome='passed'>
              config: <_pytest.config.Config object at 0x7f3efae50b38>
          finish pytest_report_teststatus --> ('', '', '') [hook]
        finish pytest_runtest_logreport --> [] [hook]
        pytest_runtest_call [hook]
            item: <Function test_always_pass>
          pytest_pyfunc_call [hook]
              pyfuncitem: <Function test_always_pass>
          finish pytest_pyfunc_call --> True [hook]
        finish pytest_runtest_call --> [] [hook]
        pytest_runtest_makereport [hook]
            item: <Function test_always_pass>
            call: <CallInfo when='call' result: []>
        finish pytest_runtest_makereport --> <TestReport 'test_check.py::test_always_pass' when='call' outcome='passed'> [hook]
        pytest_runtest_logreport [hook]
            report: <TestReport 'test_check.py::test_always_pass' when='call' outcome='passed'>
          pytest_report_teststatus [hook]
              report: <TestReport 'test_check.py::test_always_pass' when='call' outcome='passed'>
              config: <_pytest.config.Config object at 0x7f3efae50b38>
          finish pytest_report_teststatus --> ('passed', '.', 'PASSED') [hook]
        finish pytest_runtest_logreport --> [] [hook]
        pytest_runtest_teardown [hook]
            item: <Function test_always_pass>
            nextitem: <Function test_always_fail>
        finish pytest_runtest_teardown --> [] [hook]
        pytest_runtest_makereport [hook]
            item: <Function test_always_pass>
            call: <CallInfo when='teardown' result: []>
        finish pytest_runtest_makereport --> <TestReport 'test_check.py::test_always_pass' when='teardown' outcome='passed'> [hook]
        pytest_runtest_logreport [hook]
            report: <TestReport 'test_check.py::test_always_pass' when='teardown' outcome='passed'>
          pytest_report_teststatus [hook]
              report: <TestReport 'test_check.py::test_always_pass' when='teardown' outcome='passed'>
              config: <_pytest.config.Config object at 0x7f3efae50b38>
          finish pytest_report_teststatus --> ('', '', '') [hook]
        finish pytest_runtest_logreport --> [] [hook]
        pytest_runtest_logfinish [hook]
            nodeid: test_check.py::test_always_pass
            location: ('test_check.py', 0, 'test_always_pass')
        finish pytest_runtest_logfinish --> [] [hook]
      finish pytest_runtest_protocol --> True [hook]
      pytest_runtest_protocol [hook]
          item: <Function test_always_fail>
          nextitem: None
        pytest_runtest_logstart [hook]
            nodeid: test_check.py::test_always_fail
            location: ('test_check.py', 3, 'test_always_fail')
        finish pytest_runtest_logstart --> [] [hook]
        pytest_runtest_setup [hook]
            item: <Function test_always_fail>
        finish pytest_runtest_setup --> [] [hook]
        pytest_runtest_makereport [hook]
            item: <Function test_always_fail>
            call: <CallInfo when='setup' result: []>
        finish pytest_runtest_makereport --> <TestReport 'test_check.py::test_always_fail' when='setup' outcome='passed'> [hook]
        pytest_runtest_logreport [hook]
            report: <TestReport 'test_check.py::test_always_fail' when='setup' outcome='passed'>
          pytest_report_teststatus [hook]
              report: <TestReport 'test_check.py::test_always_fail' when='setup' outcome='passed'>
              config: <_pytest.config.Config object at 0x7f3efae50b38>
          finish pytest_report_teststatus --> ('', '', '') [hook]
        finish pytest_runtest_logreport --> [] [hook]
        pytest_runtest_call [hook]
            item: <Function test_always_fail>
          pytest_pyfunc_call [hook]
              pyfuncitem: <Function test_always_fail>
        pytest_runtest_makereport [hook]
            item: <Function test_always_fail>
            call: <CallInfo when='call' excinfo=<ExceptionInfo AssertionError('assert False',) tblen=27>>
        finish pytest_runtest_makereport --> <TestReport 'test_check.py::test_always_fail' when='call' outcome='failed'> [hook]
        pytest_runtest_logreport [hook]
            report: <TestReport 'test_check.py::test_always_fail' when='call' outcome='failed'>
          pytest_report_teststatus [hook]
              report: <TestReport 'test_check.py::test_always_fail' when='call' outcome='failed'>
              config: <_pytest.config.Config object at 0x7f3efae50b38>
          finish pytest_report_teststatus --> ('failed', 'F', 'FAILED') [hook]
        finish pytest_runtest_logreport --> [] [hook]
        pytest_exception_interact [hook]
            node: <Function test_always_fail>
            call: <CallInfo when='call' excinfo=<ExceptionInfo AssertionError('assert False',) tblen=1>>
            report: <TestReport 'test_check.py::test_always_fail' when='call' outcome='failed'>
        finish pytest_exception_interact --> [] [hook]
        pytest_runtest_teardown [hook]
            item: <Function test_always_fail>
            nextitem: None
        finish pytest_runtest_teardown --> [] [hook]
        pytest_runtest_makereport [hook]
            item: <Function test_always_fail>
            call: <CallInfo when='teardown' result: []>
        finish pytest_runtest_makereport --> <TestReport 'test_check.py::test_always_fail' when='teardown' outcome='passed'> [hook]
        pytest_runtest_logreport [hook]
            report: <TestReport 'test_check.py::test_always_fail' when='teardown' outcome='passed'>
          pytest_report_teststatus [hook]
              report: <TestReport 'test_check.py::test_always_fail' when='teardown' outcome='passed'>
              config: <_pytest.config.Config object at 0x7f3efae50b38>
          finish pytest_report_teststatus --> ('', '', '') [hook]
        finish pytest_runtest_logreport --> [] [hook]
        pytest_runtest_logfinish [hook]
            nodeid: test_check.py::test_always_fail
            location: ('test_check.py', 3, 'test_always_fail')
        finish pytest_runtest_logfinish --> [] [hook]
      finish pytest_runtest_protocol --> True [hook]
    finish pytest_runtestloop --> True [hook]
    pytest_sessionfinish [hook]
        session: <Session mydevsearch exitstatus=<ExitCode.TESTS_FAILED: 1> testsfailed=1 testscollected=2>
        exitstatus: ExitCode.TESTS_FAILED
      pytest_terminal_summary [hook]
          terminalreporter: <_pytest.terminal.TerminalReporter object at 0x7f3efadc2e80>
          exitstatus: ExitCode.TESTS_FAILED
          config: <_pytest.config.Config object at 0x7f3efae50b38>
      early skip of rewriting module: pygments [assertion]
        pytest_report_teststatus [hook]
            report: <TestReport 'test_check.py::test_always_fail' when='call' outcome='failed'>
            config: <_pytest.config.Config object at 0x7f3efae50b38>
        finish pytest_report_teststatus --> ('failed', 'F', 'FAILED') [hook]
      finish pytest_terminal_summary --> [] [hook]
    finish pytest_sessionfinish --> [] [hook]
    pytest_unconfigure [hook]
        config: <_pytest.config.Config object at 0x7f3efae50b38>
    finish pytest_unconfigure --> [] [hook]
